Enter boardType, level, depth, and filename: ........
........
........
...WB...
...BW...
........
........
........
B
Moves/Keys: 0/1
Best move: [2, 3] with reply [2, 2]
 Boards examined: 22099 Value: -4
Added as board 1

........
........
...B....
...BB...
...BW...
........
........
........
W
Moves/Keys: 8/2
Best move: [2, 2] with reply [2, 1]
 Boards examined: 8431 Value: 3
Added as board 2

........
........
..WB....
...WB...
...BW...
........
........
........
B
Moves/Keys: 15/3
Best move: [2, 1] with reply [5, 3]
 Boards examined: 23638 Value: -3
Added as board 3

........
........
...BW...
...BW...
...BW...
........
........
........
B
Moves/Keys: 16/4
Best move: [2, 5] with reply [2, 2]
 Boards examined: 37102 Value: 0
Added as board 4

........
........
...B....
...BB...
..WWW...
........
........
........
B
Moves/Keys: 17/5
Best move: [5, 5] with reply [2, 4]
 Boards examined: 41535 Value: -1
Added as board 5

........
........
........
..BBB...
...BW...
........
........
........
W
Moves/Keys: 15/6
Best move: [2, 2] with reply [1, 2]
 Boards examined: 16406 Value: 3
Added as board 6

........
........
..W.....
..BWB...
...BW...
........
........
........
B
Moves/Keys: 22/7
Best move: [1, 2] with reply [3, 5]
 Boards examined: 43723 Value: -3
Added as board 7

........
........
....W...
..BBW...
...BW...
........
........
........
B
Moves/Keys: 23/8
Best move: [5, 5] with reply [4, 2]
 Boards examined: 55456 Value: -1
Added as board 8

........
........
........
..BBB...
..WWW...
........
........
........
B
Moves/Keys: 24/9
Best move: [5, 2] with reply [2, 2]
 Boards examined: 34942 Value: 0
Added as board 9

........
........
........
...WB...
...BBB..
........
........
........
W
Moves/Keys: 22/10
Best move: [5, 5] with reply [5, 4]
 Boards examined: 38712 Value: 3
Added as board 10

........
........
........
...WWW..
...BBB..
........
........
........
B
Moves/Keys: 29/11
Best move: [2, 5] with reply [5, 5]
 Boards examined: 79318 Value: 0
Added as board 11

........
........
........
...WB...
...WBB..
...W....
........
........
B
Moves/Keys: 30/12
Best move: [2, 2] with reply [2, 3]
 Boards examined: 35031 Value: -1
Added as board 12

........
........
........
...WB...
...BWB..
.....W..
........
........
B
Moves/Keys: 31/13
Best move: [6, 5] with reply [4, 2]
 Boards examined: 64937 Value: -3
Added as board 13

........
........
........
...WB...
...BB...
....B...
........
........
W
Moves/Keys: 29/14
Best move: [5, 5] with reply [4, 5]
 Boards examined: 36903 Value: 3
Added as board 14

........
........
........
...WWW..
...BB...
....B...
........
........
B
Moves/Keys: 36/15
Best move: [2, 2] with reply [3, 2]
 Boards examined: 39599 Value: -1
Added as board 15

........
........
........
...WB...
...WB...
...WB...
........
........
B
Moves/Keys: 37/16
Best move: [5, 2] with reply [5, 5]
 Boards examined: 83793 Value: 0
Added as board 16

........
........
........
...WB...
...BW...
....BW..
........
........
B
Moves/Keys: 38/17
Best move: [5, 6] with reply [2, 4]
 Boards examined: 71201 Value: -3
Added as board 17

Writing book... done
Before clearing book, moves/keys: 34/17
Final count, moves/keys: 0/0
