Build started 11/8/2012 12:03:42 PM.
     1>Project "C:\Users\Girum\Documents\GitHub\Physics---Minimax--CPE-305-\Minimax Milestone 1\Milestone1\Milestone1.vcxproj" on node 2 (Build target(s)).
     1>ClCompile:
         C:\Program Files (x86)\Microsoft Visual Studio 11.0\VC\bin\CL.exe /c /ZI /nologo /W3 /WX- /Od /Oy- /D WIN32 /D _DEBUG /D _CONSOLE /D _UNICODE /D UNICODE /Gm /EHsc /RTC1 /MDd /GS /fp:precise /Zc:wchar_t /Zc:forScope /Fo"Debug\\" /Fd"Debug\vc110.pdb" /Gd /TP /analyze- /errorReport:prompt BoardTest.cpp PylosBoard.cpp PylosMove.cpp PylosView.cpp
         PylosView.cpp
         PylosMove.cpp
     1>c:\users\girum\documents\github\physics---minimax--cpe-305-\minimax milestone 1\milestone1\pylosmove.cpp(77): warning C4101: 'brack3' : unreferenced local variable
     1>c:\users\girum\documents\github\physics---minimax--cpe-305-\minimax milestone 1\milestone1\pylosmove.cpp(77): warning C4101: 'wd3' : unreferenced local variable
     1>c:\users\girum\documents\github\physics---minimax--cpe-305-\minimax milestone 1\milestone1\pylosmove.cpp(77): warning C4101: 'wd2' : unreferenced local variable
     1>c:\users\girum\documents\github\physics---minimax--cpe-305-\minimax milestone 1\milestone1\pylosmove.cpp(77): warning C4101: 'brack2' : unreferenced local variable
         PylosBoard.cpp
         BoardTest.cpp
     1>c:\users\girum\documents\github\physics---minimax--cpe-305-\minimax milestone 1\milestone1\boardtest.cpp(55): warning C4018: '>' : signed/unsigned mismatch
     1>c:\users\girum\documents\github\physics---minimax--cpe-305-\minimax milestone 1\milestone1\boardtest.cpp(25): warning C4101: 'cmpBoard' : unreferenced local variable
     1>c:\users\girum\documents\github\physics---minimax--cpe-305-\minimax milestone 1\milestone1\boardtest.cpp(26): warning C4101: 'cmpMove' : unreferenced local variable
     1>c:\users\girum\documents\github\physics---minimax--cpe-305-\minimax milestone 1\milestone1\boardtest.cpp(27): warning C4101: 'argLen' : unreferenced local variable
         Generating Code...
       Link:
         C:\Program Files (x86)\Microsoft Visual Studio 11.0\VC\bin\link.exe /ERRORREPORT:PROMPT /OUT:"C:\Users\Girum\Documents\GitHub\Physics---Minimax--CPE-305-\Minimax Milestone 1\Milestone1\Debug\Milestone1.exe" /INCREMENTAL /NOLOGO kernel32.lib user32.lib gdi32.lib winspool.lib comdlg32.lib advapi32.lib shell32.lib ole32.lib oleaut32.lib uuid.lib odbc32.lib odbccp32.lib /MANIFEST /MANIFESTUAC:"level='asInvoker' uiAccess='false'" /manifest:embed /DEBUG /PDB:"C:\Users\Girum\Documents\GitHub\Physics---Minimax--CPE-305-\Minimax Milestone 1\Milestone1\Debug\Milestone1.pdb" /SUBSYSTEM:CONSOLE /TLBID:1 /DYNAMICBASE /NXCOMPAT /IMPLIB:"C:\Users\Girum\Documents\GitHub\Physics---Minimax--CPE-305-\Minimax Milestone 1\Milestone1\Debug\Milestone1.lib" /MACHINE:X86 Debug\Board.obj
         Debug\BoardTest.obj
         Debug\Dialog.obj
         Debug\OthelloBoard.obj
         Debug\OthelloDlg.obj
         Debug\OthelloMove.obj
         Debug\OthelloView.obj
         Debug\PylosBoard.obj
         Debug\PylosDlg.obj
         Debug\PylosMove.obj
         Debug\PylosView.obj
         Milestone1.vcxproj -> C:\Users\Girum\Documents\GitHub\Physics---Minimax--CPE-305-\Minimax Milestone 1\Milestone1\Debug\Milestone1.exe
     1>Done Building Project "C:\Users\Girum\Documents\GitHub\Physics---Minimax--CPE-305-\Minimax Milestone 1\Milestone1\Milestone1.vcxproj" (Build target(s)).

Build succeeded.

Time Elapsed 00:00:03.12
